<?xml version="1.0" encoding="UTF-8"?>
<testng-results skipped="0" failed="0" total="2" passed="2">
  <reporter-output>
  </reporter-output>
  <suite name="Suite" duration-ms="8750" started-at="2021-11-16T17:19:27Z" finished-at="2021-11-16T17:19:36Z">
    <groups>
    </groups>
    <test name="Test" duration-ms="8750" started-at="2021-11-16T17:19:27Z" finished-at="2021-11-16T17:19:36Z">
      <class name="TestNGG.MultiTest">
        <test-method status="PASS" signature="M()[pri:2, instance:TestNGG.MultiTest@7907ec20]" name="M" duration-ms="31" started-at="2021-11-16T22:49:27Z" finished-at="2021-11-16T22:49:27Z">
          <reporter-output>
          </reporter-output>
        </test-method> <!-- M -->
        <test-method status="PASS" signature="f()[pri:3, instance:TestNGG.MultiTest@7907ec20]" name="f" duration-ms="8701" started-at="2021-11-16T22:49:27Z" finished-at="2021-11-16T22:49:36Z">
          <reporter-output>
          </reporter-output>
        </test-method> <!-- f -->
      </class> <!-- TestNGG.MultiTest -->
    </test> <!-- Test -->
  </suite> <!-- Suite -->
</testng-results>
